<?xml version="1.0" encoding="UTF-8" ?>
<testsuite errors="0" failures="0" hostname="Likitha-G" name="CustomerTest" skipped="0" tests="4" time="1.133" timestamp="2021-11-21T21:57:45">
  <properties>
    <property name="libs.jsp-compiler.javadoc" value="" />
    <property name="netbeans.autoupdate.country" value="IN" />
    <property name="libs.jakartaee-web-api-8.0.src" value="" />
    <property name="libs.graaljs.maven-pom" value="" />
    <property name="javac.test.classpath" value="db4o-8.0.184.15484-all-java5.jar:AbsoluteLayout.jar:build/classes:C:\netbeans\platform\modules\ext\junit-4.13.2.jar:C:\netbeans\platform\modules\ext\hamcrest-core-1.3.jar" />
    <property name="libs.jsf20.maven-pom" value="" />
    <property name="javac.test.sourcepath" value="C:\Users\Likitha G\Documents\NetBeansProjects\002988700_Likitha_Gopi_5\build\empty" />
    <property name="maven.defaultProjectBuilder.disableGlobalModelCache" value="true" />
    <property name="libs.spring-webmvc4.0.src" value="" />
    <property name="javac.includes" value="CustomerTest.java" />
    <property name="ant.core.lib" value="C:\netbeans\extide\ant\lib\ant.jar" />
    <property name="javadoc.windowtitle" value="" />
    <property name="libs.jsp-compilation.javadoc" value="" />
    <property name="user.dir" value="C:\Users\Likitha G\Documents\NetBeansProjects\002988700_Likitha_Gopi_5" />
    <property name="libs.javaee-api-7.0.src" value="" />
    <property name="java.vm.version" value="25.281-b09" />
    <property name="libs.jakartaee-web-api-8.0.maven-pom" value="" />
    <property name="libs.eclipselinkmodelgen.src" value="" />
    <property name="javadoc.notree" value="false" />
    <property name="netbeans.autoupdate.version" value="1.23" />
    <property name="libs.javaee-web-api-6.0.classpath" value="C:\netbeans\enterprise\modules\ext\javaee-web-api-6.0.jar" />
    <property name="javac.profile.cmd.line.arg" value="" />
    <property name="jdk.home" value="C:\Program Files\Java\jdk-17" />
    <property name="javadoc.noindex" value="false" />
    <property name="sun.os.patch.level" value="" />
    <property name="do.archive+manifest.available" value="true" />
    <property name="java.vm.specification.name" value="Java Virtual Machine Specification" />
    <property name="nb.show.statistics.ui" value="usageStatisticsEnabled" />
    <property name="netbeans.autoupdate.variant" value="" />
    <property name="have.tests" value="true" />
    <property name="org.xml.sax.driver" value="com.sun.org.apache.xerces.internal.jaxp.SAXParserImpl$JAXPSAXParser" />
    <property name="libs.hamcrest.classpath" value="C:\netbeans\platform\modules\ext\hamcrest-core-1.3.jar" />
    <property name="os.name" value="Windows 10" />
    <property name="libs.jakartaee-web-api-9.0.javadoc" value="C:\netbeans\enterprise\docs\jakartaee9-doc-api.jar" />
    <property name="test.class" value="CustomerTest" />
    <property name="libs.javaee-endorsed-api-7.0.maven-pom" value="" />
    <property name="ap.proc.none.internal" value="" />
    <property name="libs.restapi.javadoc" value="" />
    <property name="libs.JWSAntTasks.maven-pom" value="" />
    <property name="libs.jstl.classpath" value="C:\netbeans\enterprise\modules\ext\jstl-impl.jar;C:\netbeans\enterprise\modules\ext\jstl-api.jar" />
    <property name="libs.testng.src" value="" />
    <property name="libs.spring-webmvc3.0.src" value="" />
    <property name="libs.restapi.classpath" value="C:\netbeans\enterprise\modules\ext\jaxrs-2.1\jakarta.ws.rs-api-2.1.6.jar" />
    <property name="java.vendor.url.bug" value="http://bugreport.sun.com/bugreport/" />
    <property name="libs.jaxb.maven-pom" value="" />
    <property name="os.arch" value="amd64" />
    <property name="libs.eclipselink.src" value="" />
    <property name="user.name" value="Likitha G" />
    <property name="libs.jsf12.javadoc" value="C:\netbeans\enterprise\docs\javaee-doc-api.jar" />
    <property name="copylibs.rebase" value="true" />
    <property name="libs.spring-webmvc5.0.javadoc" value="" />
    <property name="libs.spring-framework500.classpath" value="C:\netbeans\platform\modules\org-apache-commons-logging.jar;C:\netbeans\java\modules\ext\cglib-2.2.jar;C:\netbeans\java\modules\ext\spring-5\spring-aop-5.2.9.RELEASE.jar;C:\netbeans\java\modules\ext\spring-5\spring-aspects-5.2.9.RELEASE.jar;C:\netbeans\java\modules\ext\spring-5\spring-beans-5.2.9.RELEASE.jar;C:\netbeans\java\modules\ext\spring-5\spring-context-5.2.9.RELEASE.jar;C:\netbeans\java\modules\ext\spring-5\spring-context-indexer-5.2.9.RELEASE.jar;C:\netbeans\java\modules\ext\spring-5\spring-context-support-5.2.9.RELEASE.jar;C:\netbeans\java\modules\ext\spring-5\spring-core-5.2.9.RELEASE.jar;C:\netbeans\java\modules\ext\spring-5\spring-expression-5.2.9.RELEASE.jar;C:\netbeans\java\modules\ext\spring-5\spring-instrument-5.2.9.RELEASE.jar;C:\netbeans\java\modules\ext\spring-5\spring-jcl-5.2.9.RELEASE.jar;C:\netbeans\java\modules\ext\spring-5\spring-jdbc-5.2.9.RELEASE.jar;C:\netbeans\java\modules\ext\spring-5\spring-jms-5.2.9.RELEASE.jar;C:\netbeans\java\modules\ext\spring-5\spring-messaging-5.2.9.RELEASE.jar;C:\netbeans\java\modules\ext\spring-5\spring-orm-5.2.9.RELEASE.jar;C:\netbeans\java\modules\ext\spring-5\spring-oxm-5.2.9.RELEASE.jar;C:\netbeans\java\modules\ext\spring-5\spring-test-5.2.9.RELEASE.jar;C:\netbeans\java\modules\ext\spring-5\spring-tx-5.2.9.RELEASE.jar;C:\netbeans\java\modules\ext\spring-5\spring-web-5.2.9.RELEASE.jar;C:\netbeans\java\modules\ext\spring-5\spring-webflux-5.2.9.RELEASE.jar;C:\netbeans\java\modules\ext\spring-5\spring-webmvc-5.2.9.RELEASE.jar;C:\netbeans\java\modules\ext\spring-5\spring-websocket-5.2.9.RELEASE.jar" />
    <property name="libs.spring-webmvc3.0.maven-pom" value="" />
    <property name="sun.java.command" value="org.apache.tools.ant.taskdefs.optional.junit.JUnitTestRunner CustomerTest skipNonTests=false filtertrace=true haltOnError=false haltOnFailure=false showoutput=true outputtoformatters=true logfailedtests=true threadid=0 logtestlistenerevents=true formatter=org.apache.tools.ant.taskdefs.optional.junit.BriefJUnitResultFormatter formatter=org.apache.tools.ant.taskdefs.optional.junit.XMLJUnitResultFormatter,C:\Users\Likitha G\Documents\NetBeansProjects\002988700_Likitha_Gopi_5\build\test\results\TEST-CustomerTest.xml crashfile=C:\Users\Likitha G\Documents\NetBeansProjects\002988700_Likitha_Gopi_5\build\junitvmwatcher16707278991042803711.properties propsfile=C:\Users\Likitha G\Documents\NetBeansProjects\002988700_Likitha_Gopi_5\build\junit14322335648110032068.properties" />
    <property name="build.classes.dir" value="build/classes" />
    <property name="build.sysclasspath" value="ignore" />
    <property name="manifest.encoding" value="UTF-8" />
    <property name="ap.supported.internal" value="true" />
    <property name="java.failonerror" value="true" />
    <property name="libs.javaee-api-8.0.maven-pom" value="" />
    <property name="run.modulepath" value="" />
    <property name="libs.javaee-endorsed-api-7.0.javadoc" value="C:\netbeans\enterprise\docs\javaee-doc-api.jar" />
    <property name="libs.jaxws21.javadoc" value="C:\netbeans\java\docs\jaxws-api-doc.zip" />
    <property name="jdk.debug" value="release" />
    <property name="libs.spring-webmvc4.0.javadoc" value="" />
    <property name="includes" value="**" />
    <property name="ant.file.type.002988700_Likitha_Gopi_5-impl" value="file" />
    <property name="user.country" value="IN" />
    <property name="file.reference.AbsoluteLayout.jar" value="AbsoluteLayout.jar" />
    <property name="manifest.file" value="manifest.mf" />
    <property name="javadoc.encoding" value="UTF-8" />
    <property name="platform.home" value="C:\Program Files\Java\jdk1.8.0_281" />
    <property name="javac.classpath" value="db4o-8.0.184.15484-all-java5.jar:AbsoluteLayout.jar" />
    <property name="libs.jsp-compilation-syscp.src" value="" />
    <property name="libs.spring-framework400.classpath" value="C:\netbeans\platform\modules\org-apache-commons-logging.jar;C:\netbeans\java\modules\ext\cglib-2.2.jar;C:\netbeans\java\modules\ext\spring-4\spring-aop-4.3.29.RELEASE.jar;C:\netbeans\java\modules\ext\spring-4\spring-aspects-4.3.29.RELEASE.jar;C:\netbeans\java\modules\ext\spring-4\spring-beans-4.3.29.RELEASE.jar;C:\netbeans\java\modules\ext\spring-4\spring-context-4.3.29.RELEASE.jar;C:\netbeans\java\modules\ext\spring-4\spring-context-support-4.3.29.RELEASE.jar;C:\netbeans\java\modules\ext\spring-4\spring-core-4.3.29.RELEASE.jar;C:\netbeans\java\modules\ext\spring-4\spring-expression-4.3.29.RELEASE.jar;C:\netbeans\java\modules\ext\spring-4\spring-instrument-4.3.29.RELEASE.jar;C:\netbeans\java\modules\ext\spring-4\spring-instrument-tomcat-4.3.29.RELEASE.jar;C:\netbeans\java\modules\ext\spring-4\spring-jdbc-4.3.29.RELEASE.jar;C:\netbeans\java\modules\ext\spring-4\spring-jms-4.3.29.RELEASE.jar;C:\netbeans\java\modules\ext\spring-4\spring-messaging-4.3.29.RELEASE.jar;C:\netbeans\java\modules\ext\spring-4\spring-orm-4.3.29.RELEASE.jar;C:\netbeans\java\modules\ext\spring-4\spring-oxm-4.3.29.RELEASE.jar;C:\netbeans\java\modules\ext\spring-4\spring-test-4.3.29.RELEASE.jar;C:\netbeans\java\modules\ext\spring-4\spring-tx-4.3.29.RELEASE.jar;C:\netbeans\java\modules\ext\spring-4\spring-web-4.3.29.RELEASE.jar;C:\netbeans\java\modules\ext\spring-4\spring-webmvc-4.3.29.RELEASE.jar;C:\netbeans\java\modules\ext\spring-4\spring-webmvc-portlet-4.3.29.RELEASE.jar;C:\netbeans\java\modules\ext\spring-4\spring-websocket-4.3.29.RELEASE.jar" />
    <property name="platform.bootcp" value="C:\Program Files\Java\jdk1.8.0_281\jre\lib\resources.jar;C:\Program Files\Java\jdk1.8.0_281\jre\lib\rt.jar;C:\Program Files\Java\jdk1.8.0_281\jre\lib\sunrsasign.jar;C:\Program Files\Java\jdk1.8.0_281\jre\lib\jsse.jar;C:\Program Files\Java\jdk1.8.0_281\jre\lib\jce.jar;C:\Program Files\Java\jdk1.8.0_281\jre\lib\charsets.jar;C:\Program Files\Java\jdk1.8.0_281\jre\lib\jfr.jar;C:\Program Files\Java\jdk1.8.0_281\jre\classes;C:\Program Files\Java\jdk1.8.0_281\jre\lib\ext\access-bridge-64.jar;C:\Program Files\Java\jdk1.8.0_281\jre\lib\ext\cldrdata.jar;C:\Program Files\Java\jdk1.8.0_281\jre\lib\ext\dnsns.jar;C:\Program Files\Java\jdk1.8.0_281\jre\lib\ext\jaccess.jar;C:\Program Files\Java\jdk1.8.0_281\jre\lib\ext\jfxrt.jar;C:\Program Files\Java\jdk1.8.0_281\jre\lib\ext\localedata.jar;C:\Program Files\Java\jdk1.8.0_281\jre\lib\ext\nashorn.jar;C:\Program Files\Java\jdk1.8.0_281\jre\lib\ext\sunec.jar;C:\Program Files\Java\jdk1.8.0_281\jre\lib\ext\sunjce_provider.jar;C:\Program Files\Java\jdk1.8.0_281\jre\lib\ext\sunmscapi.jar;C:\Program Files\Java\jdk1.8.0_281\jre\lib\ext\sunpkcs11.jar;C:\Program Files\Java\jdk1.8.0_281\jre\lib\ext\zipfs.jar" />
    <property name="debug-transport" value="dt_shmem" />
    <property name="netbeans.home" value="C:\netbeans\platform" />
    <property name="build.compiler.emacs" value="true" />
    <property name="libs.javaee-web-api-6.0.src" value="" />
    <property name="libs.jsp-compilation-syscp.classpath" value="C:\netbeans\extide\ant\lib\ant.jar;C:\netbeans\enterprise\modules\ext\servlet3.1-jsp2.3-api.jar;C:\netbeans\enterprise\modules\ext\glassfish-jspparser-4.0.jar;C:\netbeans\enterprise\modules\ext\jstl-impl.jar;C:\netbeans\enterprise\modules\ext\jsf-2_2\javax.faces.jar" />
    <property name="javac.modulepath" value="" />
    <property name="java.endorsed.dirs" value="C:\Program Files\Java\jdk1.8.0_281\jre\lib\endorsed" />
    <property name="libs.groovy-all.src" value="" />
    <property name="libs.junit_5.src" value="C:\netbeans\platform\docs\junit-jupiter-api-5.6.0-sources.jar;C:\netbeans\platform\docs\junit-jupiter-params-5.6.0-sources.jar;C:\netbeans\platform\docs\junit-jupiter-engine-5.6.0-sources.jar" />
    <property name="test.includes" value="CustomerTest.java" />
    <property name="libs.jakartaee-api-8.0.classpath" value="C:\netbeans\enterprise\modules\ext\jakarta.jakartaee-api-8.0.0.jar" />
    <property name="netbeans.dynamic.classpath" value="C:\netbeans\platform\core\asm-9.2.jar;C:\netbeans\platform\core\asm-commons-9.2.jar;C:\netbeans\platform\core\asm-tree-9.2.jar;C:\netbeans\platform\core\core-base.jar;C:\netbeans\platform\core\core.jar;C:\netbeans\platform\core\org-netbeans-libs-asm.jar;C:\netbeans\platform\core\org-openide-filesystems-compat8.jar;C:\netbeans\platform\core\org-openide-filesystems.jar;C:\netbeans\nb\core\org-netbeans-upgrader.jar;C:\netbeans\nb\core\locale\core_nb.jar" />
    <property name="java.vm.specification.version" value="1.8" />
    <property name="plugin.manager.check.updates" value="false" />
    <property name="libs.primefaces.classpath" value="C:\netbeans\enterprise\modules\ext\primefaces\primefaces-5.0.jar" />
    <property name="libs.javaee-api-6.0.classpath" value="C:\netbeans\enterprise\modules\ext\javaee-api-6.0.jar" />
    <property name="libs.groovy-all.maven-pom" value="" />
    <property name="netbeans.productversion" value="Apache NetBeans IDE 12.5" />
    <property name="libs.jaxws21.src" value="" />
    <property name="application.title" value="002988700_Likitha_Gopi_5" />
    <property name="do.archive" value="true" />
    <property name="libs.spring-webmvc5.0.classpath" value="C:\netbeans\java\modules\ext\spring-5\spring-webmvc-5.2.9.RELEASE.jar" />
    <property name="netbeans.autoupdate.language" value="en" />
    <property name="java.vendor" value="Oracle Corporation" />
    <property name="libs.javaee-api-6.0.javadoc" value="C:\netbeans\enterprise\docs\javaee-doc-api.jar" />
    <property name="jar.index.metainf" value="false" />
    <property name="javac.debug" value="true" />
    <property name="javadoc.splitindex" value="true" />
    <property name="file.separator" value="\" />
    <property name="javac.includesfile.binary" value="C:\Users\Likitha G\Documents\NetBeansProjects\002988700_Likitha_Gopi_5\null1026967135" />
    <property name="libs.junit_4.maven-pom" value="" />
    <property name="mkdist.disabled" value="false" />
    <property name="javac.test.processorpath" value="db4o-8.0.184.15484-all-java5.jar:AbsoluteLayout.jar:build/classes:C:\netbeans\platform\modules\ext\junit-4.13.2.jar:C:\netbeans\platform\modules\ext\hamcrest-core-1.3.jar" />
    <property name="netbeans.buildnumber" value="12.5-fd523ddc12d6156412d7b81f0c8663d8913d1021" />
    <property name="libs.JWSAntTasks.javadoc" value="" />
    <property name="build.generated.sources.dir" value="build/generated-sources" />
    <property name="user.variant" value="" />
    <property name="libs.eclipselinkmodelgen.classpath" value="C:\netbeans\java\modules\ext\eclipselink\org.eclipse.persistence.jpa.modelgen.processor-2.7.7.jar" />
    <property name="libs.javaee-endorsed-api-7.0.src" value="" />
    <property name="sun.java.launcher" value="SUN_STANDARD" />
    <property name="libs.jaxb.javadoc" value="C:\netbeans\ide\docs\jaxb-api-doc.jar" />
    <property name="libs.struts.classpath" value="C:\netbeans\enterprise\modules\ext\struts\antlr-2.7.2.jar;C:\netbeans\enterprise\modules\ext\struts\bsf-2.3.0.jar;C:\netbeans\enterprise\modules\ext\struts\commons-beanutils-1.8.0.jar;C:\netbeans\enterprise\modules\ext\struts\commons-chain-1.2.jar;C:\netbeans\enterprise\modules\ext\struts\commons-digester-1.8.jar;C:\netbeans\enterprise\modules\ext\struts\commons-fileupload-1.1.1.jar;C:\netbeans\enterprise\modules\ext\struts\commons-io-1.1.jar;C:\netbeans\enterprise\modules\ext\struts\commons-logging-1.0.4.jar;C:\netbeans\enterprise\modules\ext\struts\commons-validator-1.3.1.jar;C:\netbeans\enterprise\modules\ext\struts\jstl-1.0.2.jar;C:\netbeans\enterprise\modules\ext\struts\oro-2.0.8.jar;C:\netbeans\enterprise\modules\ext\struts\standard-1.0.6.jar;C:\netbeans\enterprise\modules\ext\struts\struts-core-1.3.10.jar;C:\netbeans\enterprise\modules\ext\struts\struts-el-1.3.10.jar;C:\netbeans\enterprise\modules\ext\struts\struts-extras-1.3.10.jar;C:\netbeans\enterprise\modules\ext\struts\struts-faces-1.3.10.jar;C:\netbeans\enterprise\modules\ext\struts\struts-mailreader-dao-1.3.10.jar;C:\netbeans\enterprise\modules\ext\struts\struts-scripting-1.3.10.jar;C:\netbeans\enterprise\modules\ext\struts\struts-taglib-1.3.10.jar;C:\netbeans\enterprise\modules\ext\struts\struts-tiles-1.3.10.jar" />
    <property name="javac.includes.binary" value="C:\Users\Likitha G\Documents\NetBeansProjects\002988700_Likitha_Gopi_5\build\test\classes\CustomerTest.class" />
    <property name="ant.home" value="C:\netbeans\extide\ant" />
    <property name="libs.junit_4.src" value="C:\netbeans\platform\docs\junit-4.13.2-sources.jar" />
    <property name="libs.testng.classpath" value="C:\netbeans\platform\modules\ext\testng-6.14.3.jar;C:\netbeans\platform\modules\ext\jcommander-1.78.jar" />
    <property name="libs.absolutelayout.maven-pom" value="" />
    <property name="ant.java.version" value="17" />
    <property name="java.library.path" value="C:\Program Files\Java\jdk1.8.0_281\bin;C:\WINDOWS\Sun\Java\bin;C:\WINDOWS\system32;C:\WINDOWS;C:\Program Files\Common Files\Oracle\Java\javapath;C:\Program Files (x86)\Common Files\Oracle\Java\javapath;C:\oraclexe\app\oracle\product\10.2.0\server\bin;C:\WINDOWS\system32;C:\WINDOWS;C:\WINDOWS\System32\Wbem;C:\WINDOWS\System32\WindowsPowerShell\v1.0\;C:\Program Files\PuTTY\;C:\WINDOWS\System32\OpenSSH\;C:\Program Files\Git\cmd;C:\Program Files\nodejs\;C:\Program Files\MongoDB\Server\4.0\bin;C:\Program Files (x86)\Intel\Intel(R) Management Engine Components\DAL;C:\Program Files\Intel\Intel(R) Management Engine Components\DAL;C:\Users\Likitha G\python 2.7.16;C:\Program Files\Intel\WiFi\bin\;C:\Program Files\Common Files\Intel\WirelessCommon\;C:\Program Files\Java\jdk-17\bin;C:\Program Files\Java\jdk-12.0.2\bin;C:\Program Files (x86)\Microsoft SQL Server\150\DTS\Binn\;C:\Program Files\Azure Data Studio\bin;C:\Program Files\Microsoft SQL Server\Client SDK\ODBC\170\Tools\Binn\;C:\Program Files (x86)\Microsoft SQL Server\150\Tools\Binn\;C:\Program Files\Microsoft SQL Server\150\Tools\Binn\;C:\Program Files\Microsoft SQL Server\150\DTS\Binn\;C:\Program Files\TortoiseGit\bin;C:\Program Files\MySQL\MySQL Shell 8.0\bin\;C:\Users\Likitha G\AppData\Local\Microsoft\WindowsApps;C:\Users\Likitha G\AppData\Local\Programs\Microsoft VS Code\bin;C:\Users\Likitha G\AppData\Local\Microsoft\WindowsApps;C:\Users\Likitha G\AppData\Local\GitHubDesktop\bin;C:\Program Files\Azure Data Studio\bin;." />
    <property name="javadoc.author" value="false" />
    <property name="libs.metro.maven-pom" value="" />
    <property name="java.util.logging.config.class" value="org.netbeans.core.startup.TopLogging" />
    <property name="libs.spring-framework400.src" value="" />
    <property name="libs.PostgreSQLDriver.src" value="" />
    <property name="libs.graaljs.javadoc" value="" />
    <property name="libs.jakartaee-web-api-9.0.maven-pom" value="" />
    <property name="libs.spring-framework500.javadoc" value="" />
    <property name="libs.graaljs.src" value="" />
    <property name="sun.arch.data.model" value="64" />
    <property name="basedir" value="C:\Users\Likitha G\Documents\NetBeansProjects\002988700_Likitha_Gopi_5" />
    <property name="libs.jpa20-persistence.maven-pom" value="" />
    <property name="jar.compress" value="false" />
    <property name="libs.javaee-web-api-7.0.classpath" value="C:\netbeans\enterprise\modules\ext\javaee-web-api-7.0.jar" />
    <property name="path.separator" value=";" />
    <property name="libs.javaee-web-api-6.0.javadoc" value="C:\netbeans\enterprise\docs\javaee-doc-api.jar" />
    <property name="ant.junit.enabletestlistenerevents" value="true" />
    <property name="platform.javac" value="C:\Program Files\Java\jdk1.8.0_281/bin/javac" />
    <property name="sun.io.unicode.encoding" value="UnicodeLittle" />
    <property name="libs.jaxws21.classpath" value="C:\netbeans\ide\modules\ext\jaxb\jaxb-impl.jar;C:\netbeans\ide\modules\ext\jaxb\jaxb-xjc.jar;C:\netbeans\java\modules\ext\jaxws22\FastInfoset.jar;C:\netbeans\java\modules\ext\jaxws22\gmbal-api-only.jar;C:\netbeans\java\modules\ext\jaxws22\ha-api.jar;C:\netbeans\java\modules\ext\jaxws22\javax.mail_1.4.jar;C:\netbeans\java\modules\ext\jaxws22\jaxws-rt.jar;C:\netbeans\java\modules\ext\jaxws22\jaxws-tools.jar;C:\netbeans\java\modules\ext\jaxws22\management-api.jar;C:\netbeans\java\modules\ext\jaxws22\mimepull.jar;C:\netbeans\java\modules\ext\jaxws22\policy.jar;C:\netbeans\java\modules\ext\jaxws22\saaj-impl.jar;C:\netbeans\java\modules\ext\jaxws22\stax-ex.jar;C:\netbeans\java\modules\ext\jaxws22\stax2-api.jar;C:\netbeans\java\modules\ext\jaxws22\streambuffer.jar;C:\netbeans\java\modules\ext\jaxws22\woodstox-core-asl.jar;C:\netbeans\java\modules\ext\jaxws22\api\jaxws-api.jar;C:\netbeans\java\modules\ext\jaxws22\api\jsr181-api.jar;C:\netbeans\java\modules\ext\jaxws22\api\javax.annotation.jar;C:\netbeans\java\modules\ext\jaxws22\api\saaj-api.jar;C:\netbeans\ide\modules\ext\jaxb\activation.jar;C:\netbeans\ide\modules\ext\jaxb\api\jaxb-api.jar" />
    <property name="libs.struts.src" value="" />
    <property name="compile.on.save" value="false" />
    <property name="apple.awt.graphics.UseQuartz" value="true" />
    <property name="user.language" value="en" />
    <property name="testng.mode" value="testng" />
    <property name="libs.JAXB-ENDORSED.maven-pom" value="" />
    <property name="libs.eclipselink.maven-pom" value="" />
    <property name="org.netbeans.io.suspend" value="0" />
    <property name="application.vendor" value="lingfengzhou" />
    <property name="test.binaryincludes" value="&lt;nothing&gt;" />
    <property name="manifest.available" value="true" />
    <property name="libs.primefaces.javadoc" value="" />
    <property name="libs.spring-framework300.maven-pom" value="" />
    <property name="run.test.classpath" value="db4o-8.0.184.15484-all-java5.jar:AbsoluteLayout.jar:build/classes:C:\netbeans\platform\modules\ext\junit-4.13.2.jar:C:\netbeans\platform\modules\ext\hamcrest-core-1.3.jar:build/test/classes" />
    <property name="ant.project.invoked-targets" value="test-single" />
    <property name="test.binaryexcludes" value="" />
    <property name="file.reference.db4o-8.0.184.15484-all-java5.jar-1" value="db4o-8.0.184.15484-all-java5.jar" />
    <property name="sun.java2d.dpiaware" value="true" />
    <property name="https.nonProxyHosts" value="localhost|127.0.0.1|Likitha-G" />
    <property name="libs.PostgreSQLDriver.maven-pom" value="" />
    <property name="java.class.version" value="52.0" />
    <property name="libs.javaee-endorsed-api-6.0.src" value="" />
    <property name="libs.eclipselink.javadoc" value="C:\netbeans\java\modules\ext\docs\javax.persistence-2.2.1-doc.zip" />
    <property name="platforms.JDK_1.8.compiler" value="modern" />
    <property name="libs.jsp-compilation.maven-pom" value="" />
    <property name="user.properties.file" value="C:\Users\Likitha G\AppData\Roaming\NetBeans\12.5\build.properties" />
    <property name="runtime.encoding" value="UTF-8" />
    <property name="file.encoding.pkg" value="sun.io" />
    <property name="sun.cpu.endian" value="little" />
    <property name="libs.JAXB-ENDORSED.javadoc" value="" />
    <property name="libs.JWSAntTasks.classpath" value="C:\netbeans\java\ant\extra\org-netbeans-modules-javawebstart-anttasks.jar" />
    <property name="libs.spring-webmvc4.0.maven-pom" value="" />
    <property name="libs.spring-framework300.src" value="" />
    <property name="libs.jstl.src" value="" />
    <property name="empty.dir" value="C:\Users\Likitha G\Documents\NetBeansProjects\002988700_Likitha_Gopi_5\build\empty" />
    <property name="test.binarytestincludes" value="" />
    <property name="javadoc.preview" value="true" />
    <property name="libs.jpa20-persistence.javadoc" value="C:\netbeans\java\modules\ext\docs\javax.persistence-2.2.1-doc.zip" />
    <property name="java.home" value="C:\Program Files\Java\jdk1.8.0_281\jre" />
    <property name="libs.jsp-compilation.src" value="" />
    <property name="libs.jakartaee-web-api-8.0.javadoc" value="C:\netbeans\enterprise\docs\jakartaee8-doc-api.jar" />
    <property name="debug.test.classpath" value="db4o-8.0.184.15484-all-java5.jar:AbsoluteLayout.jar:build/classes:C:\netbeans\platform\modules\ext\junit-4.13.2.jar:C:\netbeans\platform\modules\ext\hamcrest-core-1.3.jar:build/test/classes" />
    <property name="libs.javaee-endorsed-api-6.0.classpath" value="C:\netbeans\enterprise\modules\ext\javaee6-endorsed\javax.annotation.jar;C:\netbeans\enterprise\modules\ext\javaee6-endorsed\jaxb-api-osgi.jar;C:\netbeans\enterprise\modules\ext\javaee6-endorsed\webservices-api-osgi.jar" />
    <property name="libs.javaee-api-6.0.src" value="" />
    <property name="netbeans.importclass" value="org.netbeans.upgrade.AutoUpgrade" />
    <property name="ant.project.default-target" value="default" />
    <property name="annotation.processing.run.all.processors" value="true" />
    <property name="libs.PostgreSQLDriver.javadoc" value="" />
    <property name="libs.restlib.classpath" value="C:\netbeans\enterprise\modules\ext\jersey2\ext\jakarta.annotation-api-1.3.5.jar;C:\netbeans\enterprise\modules\ext\jersey2\ext\jakarta.persistence-api-2.2.3.jar;C:\netbeans\enterprise\modules\ext\jersey2\ext\jakarta.servlet-api-4.0.4.jar;C:\netbeans\enterprise\modules\ext\jersey2\ext\jakarta.validation-api-2.0.2.jar;C:\netbeans\enterprise\modules\ext\jersey2\ext\jakarta.xml.bind-api-2.3.3.jar;C:\netbeans\enterprise\modules\ext\jersey2\jersey-client.jar;C:\netbeans\enterprise\modules\ext\jersey2\jersey-common.jar;C:\netbeans\enterprise\modules\ext\jersey2\jersey-server.jar;C:\netbeans\enterprise\modules\ext\jersey2\ext\jersey-entity-filtering-2.34.jar;C:\netbeans\enterprise\modules\ext\jersey2\ext\jersey-hk2-2.34.jar;C:\netbeans\enterprise\modules\ext\jersey2\ext\jersey-media-moxy-2.34.jar;C:\netbeans\enterprise\modules\ext\jersey2\jersey-container-servlet.jar;C:\netbeans\enterprise\modules\ext\jersey2\jersey-container-servlet-core.jar;C:\netbeans\enterprise\modules\ext\jersey2\ext\hk2-api-2.6.1.jar;C:\netbeans\enterprise\modules\ext\jersey2\ext\hk2-locator-2.6.1.jar;C:\netbeans\enterprise\modules\ext\jersey2\ext\hk2-utils-2.6.1.jar;C:\netbeans\enterprise\modules\ext\jersey2\ext\jakarta.inject-2.6.1.jar;C:\netbeans\enterprise\modules\ext\jersey2\ext\aopalliance-repackaged-2.6.1.jar;C:\netbeans\enterprise\modules\ext\jersey2\ext\osgi.core-8.0.0.jar;C:\netbeans\enterprise\modules\ext\jersey2\ext\osgi-resource-locator-1.0.3.jar;C:\netbeans\java\modules\ext\eclipselink\org.eclipse.persistence.core-2.7.7.jar;C:\netbeans\java\modules\ext\eclipselink\org.eclipse.persistence.asm-2.7.7.jar;C:\netbeans\java\modules\ext\eclipselink\org.eclipse.persistence.antlr-2.7.7.jar;C:\netbeans\java\modules\ext\eclipselink\org.eclipse.persistence.jpa-2.7.7.jar;C:\netbeans\java\modules\ext\eclipselink\org.eclipse.persistence.jpa.jpql-2.7.7.jar;C:\netbeans\java\modules\ext\eclipselink\org.eclipse.persistence.moxy-2.7.7.jar" />
    <property name="netbeans.extbrowser.manual_chrome_plugin_install" value="yes" />
    <property name="libs.jakartaee-api-9.0.classpath" value="C:\netbeans\enterprise\modules\ext\jakarta.jakartaee-api-9.0.0.jar" />
    <property name="http.nonProxyHosts" value="localhost|127.0.0.1|Likitha-G" />
    <property name="libs.junit_4.javadoc" value="C:\netbeans\platform\docs\junit-4.13.2-javadoc.jar" />
    <property name="platforms.JDK_1.8.bootclasspath" value="C:\Program Files\Java\jdk1.8.0_281\jre\lib\resources.jar;C:\Program Files\Java\jdk1.8.0_281\jre\lib\rt.jar;C:\Program Files\Java\jdk1.8.0_281\jre\lib\sunrsasign.jar;C:\Program Files\Java\jdk1.8.0_281\jre\lib\jsse.jar;C:\Program Files\Java\jdk1.8.0_281\jre\lib\jce.jar;C:\Program Files\Java\jdk1.8.0_281\jre\lib\charsets.jar;C:\Program Files\Java\jdk1.8.0_281\jre\lib\jfr.jar;C:\Program Files\Java\jdk1.8.0_281\jre\classes;C:\Program Files\Java\jdk1.8.0_281\jre\lib\ext\access-bridge-64.jar;C:\Program Files\Java\jdk1.8.0_281\jre\lib\ext\cldrdata.jar;C:\Program Files\Java\jdk1.8.0_281\jre\lib\ext\dnsns.jar;C:\Program Files\Java\jdk1.8.0_281\jre\lib\ext\jaccess.jar;C:\Program Files\Java\jdk1.8.0_281\jre\lib\ext\jfxrt.jar;C:\Program Files\Java\jdk1.8.0_281\jre\lib\ext\localedata.jar;C:\Program Files\Java\jdk1.8.0_281\jre\lib\ext\nashorn.jar;C:\Program Files\Java\jdk1.8.0_281\jre\lib\ext\sunec.jar;C:\Program Files\Java\jdk1.8.0_281\jre\lib\ext\sunjce_provider.jar;C:\Program Files\Java\jdk1.8.0_281\jre\lib\ext\sunmscapi.jar;C:\Program Files\Java\jdk1.8.0_281\jre\lib\ext\sunpkcs11.jar;C:\Program Files\Java\jdk1.8.0_281\jre\lib\ext\zipfs.jar" />
    <property name="javac.test.modulepath" value="" />
    <property name="libs.javaee-web-api-6.0.maven-pom" value="" />
    <property name="run.classpath" value="db4o-8.0.184.15484-all-java5.jar:AbsoluteLayout.jar:build/classes" />
    <property name="jna.boot.library.name" value="jnidispatch-nb" />
    <property name="ant.file.type.002988700_Likitha_Gopi_5" value="file" />
    <property name="libs.javaee-endorsed-api-6.0.javadoc" value="C:\netbeans\enterprise\docs\javaee-doc-api.jar" />
    <property name="libs.javaee-api-7.0.classpath" value="C:\netbeans\enterprise\modules\ext\javaee-api-7.0.jar" />
    <property name="sun.awt.datatransfer.timeout" value="1000" />
    <property name="libs.jakartaee-api-9.0.src" value="" />
    <property name="libs.spring-webmvc3.0.javadoc" value="" />
    <property name="annotation.processing.enabled.in.editor" value="false" />
    <property name="nb.native.filechooser" value="false" />
    <property name="libs.restapi.src" value="" />
    <property name="sun.management.compiler" value="HotSpot 64-Bit Tiered Compilers" />
    <property name="javac.deprecation" value="false" />
    <property name="javadoc.use" value="true" />
    <property name="sun.java2d.noddraw" value="true" />
    <property name="libs.jsp-compiler.classpath" value="C:\netbeans\enterprise\ant\extra\jspcompile.jar" />
    <property name="javac.processorpath" value="db4o-8.0.184.15484-all-java5.jar:AbsoluteLayout.jar" />
    <property name="libs.hamcrest.maven-pom" value="" />
    <property name="libs.junit_5.classpath" value="C:\netbeans\platform\modules\ext\junit-jupiter-api-5.6.0.jar;C:\netbeans\platform\modules\ext\junit-jupiter-params-5.6.0.jar;C:\netbeans\platform\modules\ext\junit-jupiter-engine-5.6.0.jar" />
    <property name="javac.compilerargs" value="" />
    <property name="ant.file" value="C:\Users\Likitha G\Documents\NetBeansProjects\002988700_Likitha_Gopi_5\build.xml" />
    <property name="libs.jsf12.classpath" value="C:\netbeans\enterprise\modules\ext\jsf-1_2\jsf-api.jar;C:\netbeans\enterprise\modules\ext\jsf-1_2\jsf-impl.jar" />
    <property name="libs.jstl.maven-pom" value="" />
    <property name="libs.restapi.maven-pom" value="" />
    <property name="java.vm.specification.vendor" value="Oracle Corporation" />
    <property name="org.openide.major.version" value="IDE/1" />
    <property name="java.vm.name" value="Java HotSpot(TM) 64-Bit Server VM" />
    <property name="netbeans.user" value="C:\Users\Likitha G\AppData\Roaming\NetBeans\12.5" />
    <property name="javadoc.additionalparam" value="" />
    <property name="java.io.tmpdir" value="C:\Users\LIKITH~1\AppData\Local\Temp\" />
    <property name="java.vendor.url" value="http://java.oracle.com/" />
    <property name="endorsed.classpath.cmd.line.arg" value="" />
    <property name="jna.loaded" value="true" />
    <property name="junit.available" value="true" />
    <property name="libs.javaee-web-api-8.0.classpath" value="C:\netbeans\enterprise\modules\ext\javaee-web-api-8.0.jar" />
    <property name="do.jlink" value="false" />
    <property name="libs.jakartaee-api-9.0.javadoc" value="C:\netbeans\enterprise\docs\jakartaee9-doc-api.jar" />
    <property name="libs.jsp-compiler.src" value="" />
    <property name="libs.jakartaee-web-api-9.0.classpath" value="C:\netbeans\enterprise\modules\ext\jakarta.jakartaee-web-api-9.0.0.jar" />
    <property name="sun.boot.library.path" value="C:\Program Files\Java\jdk1.8.0_281\jre\bin" />
    <property name="have.sources" value="true" />
    <property name="libs.graaljs.classpath" value="C:\netbeans\webcommon\modules\ext\js-20.3.0.jar;C:\netbeans\webcommon\modules\ext\js-launcher-20.3.0.jar;C:\netbeans\webcommon\modules\ext\regex-20.3.0.jar;C:\netbeans\webcommon\modules\ext\icu4j-67.1.jar;C:\netbeans\ide\modules\ext\graal-sdk-20.3.0.jar;C:\netbeans\ide\modules\ext\launcher-common-20.3.0.jar;C:\netbeans\ide\modules\ext\truffle-api-20.3.0.jar" />
    <property name="libs.hamcrest.javadoc" value="" />
    <property name="debug.classpath" value="db4o-8.0.184.15484-all-java5.jar:AbsoluteLayout.jar:build/classes" />
    <property name="javac.external.vm" value="false" />
    <property name="javadoc.private" value="false" />
    <property name="libs.jakartaee-api-8.0.src" value="" />
    <property name="test.src.dir" value="test" />
    <property name="libs.jakartaee-web-api-9.0.src" value="" />
    <property name="libs.jsf20.classpath" value="C:\netbeans\enterprise\modules\ext\jsf-2_2\javax.faces.jar" />
    <property name="ap.processors.internal" value="" />
    <property name="libs.javaee-api-8.0.javadoc" value="C:\netbeans\enterprise\docs\javaee-doc-api.jar" />
    <property name="meta.inf.dir" value="src/META-INF" />
    <property name="javadoc.encoding.used" value="UTF-8" />
    <property name="dist.jar" value="dist/002988700_Likitha_Gopi_5.jar" />
    <property name="libs.spring-framework400.maven-pom" value="" />
    <property name="java.runtime.name" value="Java(TM) SE Runtime Environment" />
    <property name="debug.test.modulepath" value="" />
    <property name="ant.project.name" value="002988700_Likitha_Gopi_5" />
    <property name="libs.spring-webmvc5.0.src" value="" />
    <property name="netbeans.hash.code" value="unique=0c536d55f-5081-430c-9a37-bef1df4a2160_4a1ccf54-d6c1-4a54-8188-5f14e81b3380" />
    <property name="netbeans.default_userdir_root" value="C:\Users\Likitha G\AppData\Roaming\NetBeans" />
    <property name="libs.jsp-compilation-syscp.maven-pom" value="" />
    <property name="platform.javadoc" value="C:\Program Files\Java\jdk1.8.0_281/bin/javadoc" />
    <property name="platform.javadoc.tmp" value="${platforms.JDK_1.8.javadoc}" />
    <property name="sun.cpu.isalist" value="amd64" />
    <property name="libs.jakartaee-web-api-8.0.classpath" value="C:\netbeans\enterprise\modules\ext\jakarta.jakartaee-web-api-8.0.0.jar" />
    <property name="libs.spring-framework400.javadoc" value="" />
    <property name="libs.CopyLibs.javadoc" value="" />
    <property name="platform.compiler" value="${platforms.JDK_1.8.compile}" />
    <property name="ant.file.002988700_Likitha_Gopi_5" value="C:\Users\Likitha G\Documents\NetBeansProjects\002988700_Likitha_Gopi_5\build.xml" />
    <property name="libs.jakartaee-api-8.0.maven-pom" value="" />
    <property name="javadoc.html5" value="false" />
    <property name="org.openide.specification.version" value="6.2" />
    <property name="user.home" value="C:\Users\Likitha G" />
    <property name="annotation.processing.processors.list" value="" />
    <property name="libs.primefaces.maven-pom" value="" />
    <property name="sun.zip.disableMemoryMapping" value="true" />
    <property name="libs.javaee-api-6.0.maven-pom" value="" />
    <property name="platform.javac.tmp" value="${platforms.JDK_1.8.javac}" />
    <property name="libs.JWSAntTasks.src" value="" />
    <property name="jar.index" value="false" />
    <property name="libs.CopyLibs.maven-pom" value="" />
    <property name="libs.spring-framework300.javadoc" value="" />
    <property name="libs.absolutelayout.javadoc" value="" />
    <property name="java.specification.name" value="Java Platform API Specification" />
    <property name="libs.spring-webmvc5.0.maven-pom" value="" />
    <property name="jlink.strip" value="false" />
    <property name="do.archive+main.class.available" value="true" />
    <property name="java.specification.vendor" value="Oracle Corporation" />
    <property name="java.version" value="1.8.0_281" />
    <property name="javadoc.version" value="false" />
    <property name="run.jvmargs.ide" value="" />
    <property name="javac.processormodulepath" value="" />
    <property name="org.openide.version" value="deprecated" />
    <property name="source.encoding" value="UTF-8" />
    <property name="platform.java" value="C:\Program Files\Java\jdk1.8.0_281/bin/java" />
    <property name="ap.cmd.line.internal" value="" />
    <property name="java.vm.compressedOopsMode" value="32-bit" />
    <property name="libs.eclipselinkmodelgen.maven-pom" value="" />
    <property name="libs.jsp-compilation-syscp.javadoc" value="" />
    <property name="libs.javaee-web-api-8.0.src" value="" />
    <property name="libs.javaee-endorsed-api-7.0.classpath" value="C:\netbeans\enterprise\modules\ext\javaee7-endorsed\javax.annotation-api.jar;C:\netbeans\enterprise\modules\ext\javaee7-endorsed\javax.xml.soap-api.jar;C:\netbeans\enterprise\modules\ext\javaee7-endorsed\jaxb-api-osgi.jar;C:\netbeans\enterprise\modules\ext\javaee7-endorsed\jaxws-api.jar;C:\netbeans\enterprise\modules\ext\javaee7-endorsed\jsr181-api.jar" />
    <property name="libs.eclipselinkmodelgen.javadoc" value="" />
    <property name="libs.metro.javadoc" value="C:\netbeans\enterprise\docs\webservices-api-javadoc.jar;C:\netbeans\enterprise\docs\webservices-extra-javadoc.jar;C:\netbeans\enterprise\docs\webservices-extra-api-javadoc.jar;C:\netbeans\enterprise\docs\webservices-rt-javadoc.jar;C:\netbeans\enterprise\docs\webservices-tools-javadoc.jar" />
    <property name="libs.struts.maven-pom" value="" />
    <property name="jnidispatch.path" value="C:\Users\LIKITH~1\AppData\Local\Temp\jna-1973900921\jna10380424426772191418.dll" />
    <property name="netbeans.home+have.tests" value="true" />
    <property name="annotation.processing.processor.options" value="" />
    <property name="libs.testng.maven-pom" value="" />
    <property name="libs.jaxb.src" value="" />
    <property name="work.dir" value="C:\Users\Likitha G\Documents\NetBeansProjects\002988700_Likitha_Gopi_5" />
    <property name="libs.jaxb.classpath" value="C:\netbeans\ide\modules\ext\jaxb\jaxb-impl.jar;C:\netbeans\ide\modules\ext\jaxb\jaxb-xjc.jar;C:\netbeans\ide\modules\ext\jaxb\activation.jar;C:\netbeans\ide\modules\ext\jaxb\api\jaxb-api.jar" />
    <property name="do.depend" value="false" />
    <property name="dist.javadoc.dir" value="dist/javadoc" />
    <property name="libs.spring-webmvc3.0.classpath" value="C:\netbeans\java\modules\ext\spring-3.0\spring-webmvc-3.2.18.RELEASE.jar" />
    <property name="libs.javaee-web-api-7.0.maven-pom" value="" />
    <property name="libs.restlib.src" value="" />
    <property name="javac.source" value="1.7" />
    <property name="build.generated.dir" value="build/generated" />
    <property name="java.version.date" value="2021-09-14" />
    <property name="line.separator" value="&#xd;&#xa;" />
    <property name="libs.javaee-api-8.0.classpath" value="C:\netbeans\enterprise\modules\ext\javaee-api-8.0.jar" />
    <property name="java.specification.version" value="1.8" />
    <property name="java.vm.info" value="mixed mode" />
    <property name="libs.jaxws21.maven-pom" value="" />
    <property name="nb.junit.batch" value="true" />
    <property name="junit.forkmode" value="perTest" />
    <property name="platform.java.tmp" value="${platforms.JDK_1.8.java}" />
    <property name="sun.boot.class.path" value="C:\Program Files\Java\jdk1.8.0_281\jre\lib\resources.jar;C:\Program Files\Java\jdk1.8.0_281\jre\lib\rt.jar;C:\Program Files\Java\jdk1.8.0_281\jre\lib\sunrsasign.jar;C:\Program Files\Java\jdk1.8.0_281\jre\lib\jsse.jar;C:\Program Files\Java\jdk1.8.0_281\jre\lib\jce.jar;C:\Program Files\Java\jdk1.8.0_281\jre\lib\charsets.jar;C:\Program Files\Java\jdk1.8.0_281\jre\lib\jfr.jar;C:\Program Files\Java\jdk1.8.0_281\jre\classes" />
    <property name="javac.target" value="1.7" />
    <property name="built-jar.properties" value="C:\Users\Likitha G\Documents\NetBeansProjects\002988700_Likitha_Gopi_5\build\built-jar.properties" />
    <property name="build.test.classes.dir" value="build/test/classes" />
    <property name="src.dir" value="src" />
    <property name="javac.test.compilerargs" value="" />
    <property name="sun.awt.keepWorkingSetOnMinimize" value="true" />
    <property name="annotation.processing.enabled" value="true" />
    <property name="libs.jsf20.src" value="" />
    <property name="libs.jpa20-persistence.src" value="" />
    <property name="libs.jsf12.src" value="" />
    <property name="libs.struts.javadoc" value="C:\netbeans\enterprise\docs\struts-1.3.10-javadoc.zip" />
    <property name="libs.javaee-web-api-7.0.src" value="" />
    <property name="libs.primefaces.src" value="" />
    <property name="dist.dir" value="dist" />
    <property name="libs.groovy-all.javadoc" value="" />
    <property name="jlink.launcher" value="false" />
    <property name="testng.debug.mode" value="" />
    <property name="libs.groovy-all.classpath" value="C:\netbeans\groovy\modules\ext\groovy-3.0.8.jar;C:\netbeans\groovy\modules\ext\groovy-ant-3.0.8.jar" />
    <property name="java.awt.printerjob" value="sun.awt.windows.WPrinterJob" />
    <property name="default.javac.source" value="17" />
    <property name="debug-transport-by-os" value="dt_shmem" />
    <property name="sun.jnu.encoding" value="Cp1252" />
    <property name="run.test.jvmargs" value="" />
    <property name="build.test.results.dir" value="build/test/results" />
    <property name="java.runtime.version" value="1.8.0_281-b09" />
    <property name="default.javac.target" value="17" />
    <property name="libs.junit_4.classpath" value="C:\netbeans\platform\modules\ext\junit-4.13.2.jar" />
    <property name="user.timezone" value="" />
    <property name="ant.file.002988700_Likitha_Gopi_5-impl" value="C:\Users\Likitha G\Documents\NetBeansProjects\002988700_Likitha_Gopi_5\nbproject\build-impl.xml" />
    <property name="nb.junit.single" value="false" />
    <property name="libs.javaee-endorsed-api-6.0.maven-pom" value="" />
    <property name="netbeans.dirs" value="C:\netbeans\nb;C:\netbeans\ergonomics;C:\netbeans\ide;C:\netbeans\extide;C:\netbeans\java;C:\netbeans\apisupport;C:\netbeans\webcommon;C:\netbeans\websvccommon;C:\netbeans\enterprise;C:\netbeans\mobility;C:\netbeans\profiler;C:\netbeans\python;C:\netbeans\php;C:\netbeans\identity;C:\netbeans\harness;C:\netbeans\cnd;C:\netbeans\cndext;C:\netbeans\cpplite;C:\netbeans\dlight;C:\netbeans\groovy;C:\netbeans\extra;C:\netbeans\javacard;C:\netbeans\javafx" />
    <property name="libs.spring-framework500.maven-pom" value="" />
    <property name="libs.jsf20.javadoc" value="C:\netbeans\enterprise\docs\javaee-doc-api.jar" />
    <property name="libs.jstl.javadoc" value="C:\netbeans\enterprise\docs\javaee-doc-api.jar" />
    <property name="java.ext.dirs" value="C:\Program Files\Java\jdk1.8.0_281\jre\lib\ext;C:\WINDOWS\Sun\Java\lib\ext" />
    <property name="libs.metro.src" value="" />
    <property name="endorsed.classpath" value="" />
    <property name="libs.absolutelayout.classpath" value="C:\netbeans\java\modules\ext\AbsoluteLayout.jar" />
    <property name="excludes" value="" />
    <property name="libs.metro.classpath" value="C:\netbeans\ide\modules\ext\jaxb\activation.jar;C:\netbeans\enterprise\modules\ext\metro\webservices-api.jar;C:\netbeans\enterprise\modules\ext\metro\webservices-extra-api.jar;C:\netbeans\enterprise\modules\ext\metro\webservices-extra.jar;C:\netbeans\enterprise\modules\ext\metro\webservices-rt.jar;C:\netbeans\enterprise\modules\ext\metro\webservices-tools.jar" />
    <property name="libs.restlib.maven-pom" value="" />
    <property name="apple.laf.useScreenMenuBar" value="true" />
    <property name="java.class.path" value="C:\Users\Likitha G\Documents\NetBeansProjects\002988700_Likitha_Gopi_5\db4o-8.0.184.15484-all-java5.jar;C:\Users\Likitha G\Documents\NetBeansProjects\002988700_Likitha_Gopi_5\AbsoluteLayout.jar;C:\Users\Likitha G\Documents\NetBeansProjects\002988700_Likitha_Gopi_5\build\classes;C:\netbeans\platform\modules\ext\junit-4.13.2.jar;C:\netbeans\platform\modules\ext\hamcrest-core-1.3.jar;C:\Users\Likitha G\Documents\NetBeansProjects\002988700_Likitha_Gopi_5\build\test\classes;C:\netbeans\extide\ant\lib\ant-launcher.jar;C:\netbeans\extide\ant\lib\ant.jar;C:\netbeans\extide\ant\lib\ant-junit.jar;C:\netbeans\extide\ant\lib\ant-junit4.jar" />
    <property name="libs.absolutelayout.src" value="" />
    <property name="libs.jakartaee-api-9.0.maven-pom" value="" />
    <property name="libs.jpa20-persistence.classpath" value="C:\netbeans\java\modules\ext\eclipselink\javax.persistence-2.2.1.jar" />
    <property name="libs.junit_5.javadoc" value="C:\netbeans\platform\docs\junit-jupiter-api-5.6.0-javadoc.jar;C:\netbeans\platform\docs\junit-jupiter-params-5.6.0-javadoc.jar;C:\netbeans\platform\docs\junit-jupiter-engine-5.6.0-javadoc.jar" />
    <property name="libs.spring-framework500.src" value="" />
    <property name="os.version" value="10.0" />
    <property name="application.args" value="" />
    <property name="libs.jakartaee-api-8.0.javadoc" value="C:\netbeans\enterprise\docs\jakartaee8-doc-api.jar" />
    <property name="libs.javaee-api-7.0.maven-pom" value="" />
    <property name="main.class.available" value="true" />
    <property name="sun.awt.enableExtraMouseButtons" value="true" />
    <property name="sun.desktop" value="windows" />
    <property name="jlink.launcher.name" value="002988700_Likitha_Gopi_5" />
    <property name="libs.restlib.javadoc" value="" />
    <property name="libs.JAXB-ENDORSED.classpath" value="C:\netbeans\ide\modules\ext\jaxb\api\jaxb-api.jar" />
    <property name="nb.internal.action.name" value="run.single" />
    <property name="run.test.modulepath" value="" />
    <property name="libs.javaee-api-7.0.javadoc" value="C:\netbeans\enterprise\docs\javaee-doc-api.jar" />
    <property name="libs.eclipselink.classpath" value="C:\netbeans\java\modules\ext\eclipselink\org.eclipse.persistence.core-2.7.7.jar;C:\netbeans\java\modules\ext\eclipselink\org.eclipse.persistence.asm-2.7.7.jar;C:\netbeans\java\modules\ext\eclipselink\org.eclipse.persistence.antlr-2.7.7.jar;C:\netbeans\java\modules\ext\eclipselink\org.eclipse.persistence.jpa-2.7.7.jar;C:\netbeans\java\modules\ext\eclipselink\org.eclipse.persistence.jpa.jpql-2.7.7.jar;C:\netbeans\java\modules\ext\eclipselink\org.eclipse.persistence.moxy-2.7.7.jar;C:\netbeans\java\modules\ext\eclipselink\javax.persistence-2.2.1.jar" />
    <property name="java.awt.graphicsenv" value="sun.awt.Win32GraphicsEnvironment" />
    <property name="java.vm.vendor" value="Oracle Corporation" />
    <property name="libs.CopyLibs.classpath" value="C:\netbeans\java\ant\extra\org-netbeans-modules-java-j2seproject-copylibstask.jar" />
    <property name="libs.javaee-api-8.0.src" value="" />
    <property name="libs.spring-framework300.classpath" value="C:\netbeans\platform\modules\org-apache-commons-logging.jar;C:\netbeans\java\modules\ext\cglib-2.2.jar;C:\netbeans\java\modules\ext\spring-3.0\spring-aop-3.2.18.RELEASE.jar;C:\netbeans\java\modules\ext\spring-3.0\spring-aspects-3.2.18.RELEASE.jar;C:\netbeans\java\modules\ext\spring-3.0\spring-beans-3.2.18.RELEASE.jar;C:\netbeans\java\modules\ext\spring-3.0\spring-context-3.2.18.RELEASE.jar;C:\netbeans\java\modules\ext\spring-3.0\spring-context-support-3.2.18.RELEASE.jar;C:\netbeans\java\modules\ext\spring-3.0\spring-core-3.2.18.RELEASE.jar;C:\netbeans\java\modules\ext\spring-3.0\spring-expression-3.2.18.RELEASE.jar;C:\netbeans\java\modules\ext\spring-3.0\spring-instrument-3.2.18.RELEASE.jar;C:\netbeans\java\modules\ext\spring-3.0\spring-instrument-tomcat-3.2.18.RELEASE.jar;C:\netbeans\java\modules\ext\spring-3.0\spring-jdbc-3.2.18.RELEASE.jar;C:\netbeans\java\modules\ext\spring-3.0\spring-jms-3.2.18.RELEASE.jar;C:\netbeans\java\modules\ext\spring-3.0\spring-orm-3.2.18.RELEASE.jar;C:\netbeans\java\modules\ext\spring-3.0\spring-oxm-3.2.18.RELEASE.jar;C:\netbeans\java\modules\ext\spring-3.0\spring-struts-3.2.18.RELEASE.jar;C:\netbeans\java\modules\ext\spring-3.0\spring-test-3.2.18.RELEASE.jar;C:\netbeans\java\modules\ext\spring-3.0\spring-tx-3.2.18.RELEASE.jar;C:\netbeans\java\modules\ext\spring-3.0\spring-web-3.2.18.RELEASE.jar;C:\netbeans\java\modules\ext\spring-3.0\spring-webmvc-3.2.18.RELEASE.jar;C:\netbeans\java\modules\ext\spring-3.0\spring-webmvc-portlet-3.2.18.RELEASE.jar" />
    <property name="libs.jsp-compiler.maven-pom" value="" />
    <property name="libs.junit_5.maven-pom" value="" />
    <property name="libs.hamcrest.src" value="" />
    <property name="run.jvmargs" value="" />
    <property name="libs.JAXB-ENDORSED.src" value="" />
    <property name="libs.testng.javadoc" value="C:\netbeans\platform\docs\testng-6.13.1-javadoc.jar" />
    <property name="platforms.JDK_1.8.home" value="C:\Program Files\Java\jdk1.8.0_281" />
    <property name="user.script" value="" />
    <property name="libs.PostgreSQLDriver.classpath" value="C:\netbeans\ide\modules\ext\postgresql-42.2.16.jar" />
    <property name="libs.jsf12.maven-pom" value="" />
    <property name="native.encoding" value="Cp1252" />
    <property name="annotation.processing.source.output" value="build/generated-sources/ap-source-output" />
    <property name="main.class" value="userinterface.MainJFrame" />
    <property name="libs.CopyLibs.src" value="" />
    <property name="build.dir" value="build" />
    <property name="libs.jsp-compilation.classpath" value="C:\netbeans\extide\ant\lib\ant.jar;C:\netbeans\enterprise\modules\ext\servlet3.1-jsp2.3-api.jar;C:\netbeans\enterprise\modules\ext\glassfish-jspparser-4.0.jar;C:\netbeans\enterprise\modules\ext\jsf-2_2\javax.faces.jar;C:\netbeans\enterprise\modules\ext\jstl-api.jar;C:\netbeans\extide\ant\lib\ant-launcher.jar" />
    <property name="libs.javaee-web-api-8.0.javadoc" value="C:\netbeans\enterprise\docs\javaee-doc-api.jar" />
    <property name="debug.modulepath" value="" />
    <property name="ant.version" value="Apache Ant(TM) version 1.10.8 compiled on May 10 2020" />
    <property name="file.encoding" value="Cp1252" />
    <property name="build.classes.excludes" value="**/*.java,**/*.form" />
    <property name="javadoc.nonavbar" value="false" />
    <property name="libs.spring-webmvc4.0.classpath" value="C:\netbeans\java\modules\ext\spring-4\spring-webmvc-4.3.29.RELEASE.jar" />
    <property name="platform.active" value="JDK_1.8" />
    <property name="libs.javaee-web-api-8.0.maven-pom" value="" />
    <property name="awt.toolkit" value="sun.awt.windows.WToolkit" />
    <property name="libs.javaee-web-api-7.0.javadoc" value="C:\netbeans\enterprise\docs\javaee-doc-api.jar" />
  </properties>
  <testcase classname="CustomerTest" name="testRestaurantName" time="0.493" />
  <testcase classname="CustomerTest" name="testManagerName" time="0.145" />
  <testcase classname="CustomerTest" name="testDeliveryName" time="0.148" />
  <testcase classname="CustomerTest" name="testCustomerName" time="0.132" />
  <system-out><![CDATA[bawarchi
balaji
tharoon
likitha
]]></system-out>
  <system-err><![CDATA[]]></system-err>
</testsuite>
